<?xml version="1.0" encoding="UTF-8"?>
<testsuite name="BankTest" tests="8" skipped="0" failures="0" errors="0" timestamp="2023-11-12T02:58:12" hostname="Zhixians-MBP.fios-router.home" time="0.005">
  <properties/>
  <testcase name="can_withdraw_by_account_id()" classname="BankTest" time="0.0"/>
  <testcase name="can_withdraw_multiple_times()" classname="BankTest" time="0.0"/>
  <testcase name="can_retrieve_account_by_id()" classname="BankTest" time="0.001"/>
  <testcase name="can_add_more_than_one_account_into_bank()" classname="BankTest" time="0.0"/>
  <testcase name="can_create_empty_bank()" classname="BankTest" time="0.0"/>
  <testcase name="can_deposit_multiple_times()" classname="BankTest" time="0.001"/>
  <testcase name="can_add_one_account_into_bank()" classname="BankTest" time="0.0"/>
  <testcase name="can_deposit_by_account_id()" classname="BankTest" time="0.0"/>
  <system-out><![CDATA[]]></system-out>
  <system-err><![CDATA[]]></system-err>
</testsuite>
