<?xml version="1.0" encoding="UTF-8"?>
<testsuite name="CheckingTest" tests="1" skipped="0" failures="0" errors="0" timestamp="2023-11-12T02:58:12" hostname="Zhixians-MBP.fios-router.home" time="0.0">
  <properties/>
  <testcase name="can_create_checking_account_with_zero_balance()" classname="CheckingTest" time="0.0"/>
  <system-out><![CDATA[]]></system-out>
  <system-err><![CDATA[]]></system-err>
</testsuite>
