<?xml version="1.0" encoding="UTF-8"?>
<testsuite name="CommandValidatorTest" tests="2" skipped="0" failures="0" errors="0" timestamp="2023-11-03T02:39:46" hostname="Zhixians-MacBook-Pro.local" time="0.016">
  <properties/>
  <testcase name="can_create_with_command()" classname="CommandValidatorTest" time="0.014"/>
  <testcase name="id_can_not_be_less_than_eight_digits()" classname="CommandValidatorTest" time="0.001"/>
  <system-out><![CDATA[]]></system-out>
  <system-err><![CDATA[]]></system-err>
</testsuite>
