<?xml version="1.0" encoding="UTF-8"?>
<testsuite name="DepositCommandValidatorTest" tests="21" skipped="0" failures="0" errors="0" timestamp="2023-11-04T09:45:47" hostname="Zhixians-MacBook-Pro.local" time="0.044">
  <properties/>
  <testcase name="can_deposit_into_savings_normally()" classname="DepositCommandValidatorTest" time="0.015"/>
  <testcase name="cannot_deposit_into_cd_with_zero()" classname="DepositCommandValidatorTest" time="0.002"/>
  <testcase name="cannot_deposit_into_savings_normally_with_non_numeric_character()" classname="DepositCommandValidatorTest" time="0.0"/>
  <testcase name="cannot_deposit_into_checking_with_negative_amount()" classname="DepositCommandValidatorTest" time="0.001"/>
  <testcase name="cannot_deposit_into_checking_with_more_than_one_thousand()" classname="DepositCommandValidatorTest" time="0.001"/>
  <testcase name="can_deposit_into_checking_with_decimal_amount()" classname="DepositCommandValidatorTest" time="0.001"/>
  <testcase name="cannot_deposit_into_savings_without_specified_amount()" classname="DepositCommandValidatorTest" time="0.0"/>
  <testcase name="cannot_deposit_into_checking_with_non_numeric_characters()" classname="DepositCommandValidatorTest" time="0.001"/>
  <testcase name="cannot_deposit_with_swapped_id_and_apr_arguments()" classname="DepositCommandValidatorTest" time="0.001"/>
  <testcase name="cannot_deposit_into_savings_with_more_than_twenty_five_hundred()" classname="DepositCommandValidatorTest" time="0.001"/>
  <testcase name="cannot_deposit_with_no_specified_account_id()" classname="DepositCommandValidatorTest" time="0.0"/>
  <testcase name="can_deposit_into_checking_normally()" classname="DepositCommandValidatorTest" time="0.001"/>
  <testcase name="cannot_deposit_into_checking_without_specified_amount()" classname="DepositCommandValidatorTest" time="0.0"/>
  <testcase name="can_deposit_zero_into_savings_normally()" classname="DepositCommandValidatorTest" time="0.001"/>
  <testcase name="can_deposit_into_savings_with_decimal_amount()" classname="DepositCommandValidatorTest" time="0.001"/>
  <testcase name="cannot_deposit_without_any_other_supplied_arguments()" classname="DepositCommandValidatorTest" time="0.0"/>
  <testcase name="cannot_deposit_into_savings_with_negative_amount()" classname="DepositCommandValidatorTest" time="0.0"/>
  <testcase name="cannot_deposit_into_savings_with_dollar_sign()" classname="DepositCommandValidatorTest" time="0.001"/>
  <testcase name="cannot_deposit_into_cd()" classname="DepositCommandValidatorTest" time="0.001"/>
  <testcase name="cannot_deposit_into_checking_with_dollar_sign()" classname="DepositCommandValidatorTest" time="0.0"/>
  <testcase name="can_deposit_zero_into_checking()" classname="DepositCommandValidatorTest" time="0.0"/>
  <system-out><![CDATA[]]></system-out>
  <system-err><![CDATA[]]></system-err>
</testsuite>
