<?xml version="1.0" encoding="UTF-8"?>
<testsuite name="CommandValidatorTest" tests="1" skipped="0" failures="0" errors="0" timestamp="2023-11-03T03:22:35" hostname="Zhixians-MacBook-Pro.local" time="0.019">
  <properties/>
  <testcase name="cannot_create_account_with_id_containing_non_numeric_value()" classname="CommandValidatorTest" time="0.019"/>
  <system-out><![CDATA[]]></system-out>
  <system-err><![CDATA[]]></system-err>
</testsuite>
