<?xml version="1.0" encoding="UTF-8"?>
<testsuite name="AccountTest" tests="6" skipped="0" failures="0" errors="0" timestamp="2023-11-12T02:58:12" hostname="Zhixians-MBP.fios-router.home" time="0.003">
  <properties/>
  <testcase name="can_withdrawal_from_general_bank_account()" classname="AccountTest" time="0.0"/>
  <testcase name="can_deposit_twice_into_general_bank_account()" classname="AccountTest" time="0.0"/>
  <testcase name="cannot_withdrawal_more_than_balance_from_general_bank_account()" classname="AccountTest" time="0.0"/>
  <testcase name="can_create_general_bank_account_with_specified_apr()" classname="AccountTest" time="0.001"/>
  <testcase name="can_deposit_into_general_bank_account()" classname="AccountTest" time="0.0"/>
  <testcase name="can_withdrawal_twice_from_general_bank_account()" classname="AccountTest" time="0.0"/>
  <system-out><![CDATA[]]></system-out>
  <system-err><![CDATA[]]></system-err>
</testsuite>
