<?xml version="1.0" encoding="UTF-8"?>
<testsuite name="CommandValidatorTest" tests="10" skipped="0" failures="0" errors="0" timestamp="2023-11-04T04:32:26" hostname="Zhixians-MacBook-Pro.local" time="0.03">
  <properties/>
  <testcase name="cannot_create_account_with_id_less_than_eight_digits()" classname="CommandValidatorTest" time="0.015"/>
  <testcase name="cannot_create_different_account_type_with_same_id()" classname="CommandValidatorTest" time="0.001"/>
  <testcase name="cannot_create_account_with_apr_higher_than_ten()" classname="CommandValidatorTest" time="0.0"/>
  <testcase name="cannot_create_account_with_apr_with_characters()" classname="CommandValidatorTest" time="0.001"/>
  <testcase name="test_apr_function_works()" classname="CommandValidatorTest" time="0.001"/>
  <testcase name="can_create_with_command()" classname="CommandValidatorTest" time="0.002"/>
  <testcase name="cannot_create_account_with_existing_id()" classname="CommandValidatorTest" time="0.0"/>
  <testcase name="cannot_create_account_with_negative_apr()" classname="CommandValidatorTest" time="0.001"/>
  <testcase name="cannot_create_account_with_id_more_than_eight_digits()" classname="CommandValidatorTest" time="0.0"/>
  <testcase name="cannot_create_account_with_id_containing_non_numeric_value()" classname="CommandValidatorTest" time="0.001"/>
  <system-out><![CDATA[]]></system-out>
  <system-err><![CDATA[]]></system-err>
</testsuite>
