<?xml version="1.0" encoding="UTF-8"?>
<testsuite name="CertificateOfDepositTest" tests="1" skipped="0" failures="0" errors="0" timestamp="2023-11-12T02:58:12" hostname="Zhixians-MBP.fios-router.home" time="0.001">
  <properties/>
  <testcase name="can_create_cod_account_with_specified_balance()" classname="CertificateOfDepositTest" time="0.001"/>
  <system-out><![CDATA[]]></system-out>
  <system-err><![CDATA[]]></system-err>
</testsuite>
