<?xml version="1.0" encoding="UTF-8"?>
<testsuite name="CommandValidatorTest" tests="1" skipped="0" failures="0" errors="0" timestamp="2023-11-02T22:58:18" hostname="n3-87-70.dhcp.drexel.edu" time="0.021">
  <properties/>
  <testcase name="valid_command()" classname="CommandValidatorTest" time="0.021"/>
  <system-out><![CDATA[]]></system-out>
  <system-err><![CDATA[]]></system-err>
</testsuite>
