<?xml version="1.0" encoding="UTF-8"?>
<testsuite name="CreateCommandValidatorTest" tests="86" skipped="0" failures="0" errors="0" timestamp="2023-11-04T08:21:34" hostname="Zhixians-MacBook-Pro.local" time="0.091">
  <properties/>
  <testcase name="cannot_create_cd_without_create_as_initial_argument()" classname="CreateCommandValidatorTest" time="0.015"/>
  <testcase name="cannot_create_checking_with_more_than_four_arguments()" classname="CreateCommandValidatorTest" time="0.0"/>
  <testcase name="cannot_create_savings_with_negative_apr()" classname="CreateCommandValidatorTest" time="0.0"/>
  <testcase name="cannot_create_checking_with_id_containing_non_numeric_value()" classname="CreateCommandValidatorTest" time="0.001"/>
  <testcase name="cannot_create_checking_with_swapped_argument_sequence_variation_three()" classname="CreateCommandValidatorTest" time="0.001"/>
  <testcase name="cannot_create_cd_with_initial_balance_above_than_ten_thousand()" classname="CreateCommandValidatorTest" time="0.001"/>
  <testcase name="cannot_create_checking_with_saving_as_only_argument()" classname="CreateCommandValidatorTest" time="0.001"/>
  <testcase name="can_create_cd_with_another_account_with_different_id()" classname="CreateCommandValidatorTest" time="0.001"/>
  <testcase name="cannot_create_savings_with_swapped_argument_sequence_variation_one()" classname="CreateCommandValidatorTest" time="0.0"/>
  <testcase name="cannot_create_savings_with_swapped_argument_sequence_variation_two()" classname="CreateCommandValidatorTest" time="0.0"/>
  <testcase name="cannot_create_cd_with_initial_balance_just_above_than_ten_thousand()" classname="CreateCommandValidatorTest" time="0.001"/>
  <testcase name="cannot_create_cd_with_missing_id_and_apr()" classname="CreateCommandValidatorTest" time="0.0"/>
  <testcase name="cannot_create_savings_with_id_more_than_eight_digits()" classname="CreateCommandValidatorTest" time="0.0"/>
  <testcase name="cannot_create_cd_with_id_more_than_eight_digits()" classname="CreateCommandValidatorTest" time="0.0"/>
  <testcase name="cannot_create_cd_with_missing_id()" classname="CreateCommandValidatorTest" time="0.001"/>
  <testcase name="cannot_create_cd_with_another_cd_with_same_id()" classname="CreateCommandValidatorTest" time="0.001"/>
  <testcase name="can_create_savings_normally()" classname="CreateCommandValidatorTest" time="0.0"/>
  <testcase name="can_create_checking_with_another_account_with_different_id()" classname="CreateCommandValidatorTest" time="0.0"/>
  <testcase name="cannot_create_savings_with_id_less_than_eight_digits()" classname="CreateCommandValidatorTest" time="0.001"/>
  <testcase name="cannot_create_checking_with_negative_apr()" classname="CreateCommandValidatorTest" time="0.001"/>
  <testcase name="can_create_savings_with_another_account_with_different_id()" classname="CreateCommandValidatorTest" time="0.001"/>
  <testcase name="cannot_create_checking_with_misspelling_on_account_type_argument()" classname="CreateCommandValidatorTest" time="0.0"/>
  <testcase name="cannot_create_cd_with_id_less_than_eight_digits()" classname="CreateCommandValidatorTest" time="0.0"/>
  <testcase name="cannot_create_checking_with_another_account_with_same_id()" classname="CreateCommandValidatorTest" time="0.001"/>
  <testcase name="cannot_create_checking_with_no_id()" classname="CreateCommandValidatorTest" time="0.001"/>
  <testcase name="can_create_checking_with_another_checking_with_different_id()" classname="CreateCommandValidatorTest" time="0.0"/>
  <testcase name="can_create_checking_with_whole_number_for_apr()" classname="CreateCommandValidatorTest" time="0.0"/>
  <testcase name="cannot_create_checking_with_id_more_than_eight_digits()" classname="CreateCommandValidatorTest" time="0.001"/>
  <testcase name="cannot_create_cd_with_id_containing_non_numeric_value()" classname="CreateCommandValidatorTest" time="0.001"/>
  <testcase name="cannot_create_checking_with_apr_higher_than_ten()" classname="CreateCommandValidatorTest" time="0.001"/>
  <testcase name="cannot_create_cd_with_initial_balance_below_than_one_thousand()" classname="CreateCommandValidatorTest" time="0.001"/>
  <testcase name="cannot_create_cd_with_swapped_arguments_variation_seven()" classname="CreateCommandValidatorTest" time="0.001"/>
  <testcase name="cannot_create_cd_with_swapped_arguments_variation_three()" classname="CreateCommandValidatorTest" time="0.001"/>
  <testcase name="cannot_create_cd_with_apr_with_non_numeric_characters_as_argument()" classname="CreateCommandValidatorTest" time="0.001"/>
  <testcase name="cannot_create_cd_with_missing_initial_balance()" classname="CreateCommandValidatorTest" time="0.001"/>
  <testcase name="cannot_create_savings_with_id()" classname="CreateCommandValidatorTest" time="0.0"/>
  <testcase name="cannot_create_cd_with_initial_balance_just_below_than_one_thousand()" classname="CreateCommandValidatorTest" time="0.0"/>
  <testcase name="can_create_cd_with_decimal_initial_balance()" classname="CreateCommandValidatorTest" time="0.0"/>
  <testcase name="can_create_savings_with_another_savings_with_different_id()" classname="CreateCommandValidatorTest" time="0.001"/>
  <testcase name="cannot_create_checking_with_id_less_than_eight_digits()" classname="CreateCommandValidatorTest" time="0.0"/>
  <testcase name="cannot_create_savings_with_apr_higher_than_ten()" classname="CreateCommandValidatorTest" time="0.0"/>
  <testcase name="cannot_create_cd_with_another_account_with_same_id()" classname="CreateCommandValidatorTest" time="0.0"/>
  <testcase name="cannot_create_savings_with_no_apr()" classname="CreateCommandValidatorTest" time="0.001"/>
  <testcase name="cannot_create_checking_with_apr_with_characters()" classname="CreateCommandValidatorTest" time="0.0"/>
  <testcase name="cannot_create_savings_with_only_account_type()" classname="CreateCommandValidatorTest" time="0.0"/>
  <testcase name="cannot_create_cd_with_only_cd_as_supplied_argument_of_create()" classname="CreateCommandValidatorTest" time="0.0"/>
  <testcase name="cannot_create_checking_without_create()" classname="CreateCommandValidatorTest" time="0.001"/>
  <testcase name="cannot_create_cd_with_apr_above_ten()" classname="CreateCommandValidatorTest" time="0.0"/>
  <testcase name="cannot_create_savings_with_swapped_argument_sequence_variation_four()" classname="CreateCommandValidatorTest" time="0.0"/>
  <testcase name="cannot_create_savings_with_another_savings_with_same_id()" classname="CreateCommandValidatorTest" time="0.001"/>
  <testcase name="cannot_create_checking_with_only_account_type()" classname="CreateCommandValidatorTest" time="0.0"/>
  <testcase name="can_create_checking_normally()" classname="CreateCommandValidatorTest" time="0.0"/>
  <testcase name="cannot_create_savings_without_create()" classname="CreateCommandValidatorTest" time="0.0"/>
  <testcase name="cannot_create_savings_with_apr_with_characters()" classname="CreateCommandValidatorTest" time="0.0"/>
  <testcase name="cannot_create_cd_with_missing_apr()" classname="CreateCommandValidatorTest" time="0.001"/>
  <testcase name="cannot_create_savings_with_misspelling_on_account_type_argument()" classname="CreateCommandValidatorTest" time="0.001"/>
  <testcase name="cannot_create_with_only_id_specified()" classname="CreateCommandValidatorTest" time="0.001"/>
  <testcase name="cannot_create_cd_with_missing_id_and_initial_balance()" classname="CreateCommandValidatorTest" time="0.001"/>
  <testcase name="cannot_create_cd_with_missing_initial_balance_and_apr()" classname="CreateCommandValidatorTest" time="0.0"/>
  <testcase name="cannot_create_savings_with_swapped_argument_sequence_variation_three()" classname="CreateCommandValidatorTest" time="0.0"/>
  <testcase name="cannot_create_wwith_no_account_type_specified()" classname="CreateCommandValidatorTest" time="0.0"/>
  <testcase name="cannot_create_checking_with_no_apr()" classname="CreateCommandValidatorTest" time="0.001"/>
  <testcase name="cannot_create_cd_with_apr_below_zero()" classname="CreateCommandValidatorTest" time="0.0"/>
  <testcase name="cannot_create_without_any_other_arguments_supplied_other_than_create()" classname="CreateCommandValidatorTest" time="0.0"/>
  <testcase name="can_create_cd_normally()" classname="CreateCommandValidatorTest" time="0.0"/>
  <testcase name="cannot_create_savings_with_another_account_with_same_id()" classname="CreateCommandValidatorTest" time="0.001"/>
  <testcase name="can_create_cd_with_another_cd_with_different_id()" classname="CreateCommandValidatorTest" time="0.0"/>
  <testcase name="cannot_create_cd_with_swapped_arguments_variation_five()" classname="CreateCommandValidatorTest" time="0.0"/>
  <testcase name="cannot_create_cd_with_swapped_arguments_variation_four()" classname="CreateCommandValidatorTest" time="0.0"/>
  <testcase name="cannot_create_savings_with_id_containing_non_numeric_value()" classname="CreateCommandValidatorTest" time="0.001"/>
  <testcase name="cannot_create_checking_with_swapped_argument_sequence_variation_four()" classname="CreateCommandValidatorTest" time="0.001"/>
  <testcase name="can_create_cd_with_whole_number_for_apr()" classname="CreateCommandValidatorTest" time="0.0"/>
  <testcase name="can_create_savings_with_whole_number_for_apr()" classname="CreateCommandValidatorTest" time="0.0"/>
  <testcase name="cannot_create_checking_with_swapped_apr_and_id_argument()" classname="CreateCommandValidatorTest" time="0.001"/>
  <testcase name="cannot_create_cd_with_swapped_arguments_variation_one()" classname="CreateCommandValidatorTest" time="0.001"/>
  <testcase name="cannot_create_cd_with_swapped_arguments_variation_six()" classname="CreateCommandValidatorTest" time="0.0"/>
  <testcase name="cannot_create_cd_with_swapped_arguments_variation_two()" classname="CreateCommandValidatorTest" time="0.0"/>
  <testcase name="cannot_create_cd_with_unrecognizable_account_type_argument()" classname="CreateCommandValidatorTest" time="0.0"/>
  <testcase name="cannot_create_checking_with_another_checking_with_same_id()" classname="CreateCommandValidatorTest" time="0.0"/>
  <testcase name="cannot_create_cd_with_initial_balance_with_non_numeric_characters_as_argument()" classname="CreateCommandValidatorTest" time="0.0"/>
  <testcase name="cannot_create_savings_with_swapped_apr_and_id_argument()" classname="CreateCommandValidatorTest" time="0.0"/>
  <testcase name="cannot_create_savings_with_more_than_four_arguments()" classname="CreateCommandValidatorTest" time="0.001"/>
  <testcase name="cannot_create_checking_with_swapped_argument_sequence_variation_one()" classname="CreateCommandValidatorTest" time="0.001"/>
  <testcase name="cannot_create_checking_with_swapped_argument_sequence_variation_two()" classname="CreateCommandValidatorTest" time="0.0"/>
  <testcase name="cannot_create_with_only_apr_specified()" classname="CreateCommandValidatorTest" time="0.0"/>
  <testcase name="cannot_create_savings_with_saving_as_only_argument()" classname="CreateCommandValidatorTest" time="0.0"/>
  <system-out><![CDATA[]]></system-out>
  <system-err><![CDATA[]]></system-err>
</testsuite>
